2024-03-27 11:24:45	INFO	common/logger.go:108	wei/common.InitLogger	初始化zap日志完成!
2024-03-27 11:24:45	INFO	common/database.go:59	wei/common.InitMysql	初始化mysql数据库完成! dsn: root:******@tcp(localhost:3306)/wei?charset=utf8mb4&collation=utf8mb4_general_ci&parseTime=True&loc=Local&timeout=10000ms
2024-03-27 11:24:45	INFO	common/casbin.go:22	wei/common.InitCasbinEnforcer	初始化Casbin完成!
2024-03-27 11:24:45	INFO	common/validator.go:26	wei/common.InitValidate	初始化validator.v10数据校验器完成
2024-03-27 11:24:45	INFO	routes/routes.go:54	wei/routes.InitRoutes	初始化路由完成！
2024-03-27 11:24:45	INFO	wei/main.go:62	main.main	Server is running at localhost:8088/api
2024-03-27 11:24:47	INFO	wei/main.go:72	main.main	Shutting down server...
2024-03-27 11:24:47	INFO	wei/main.go:82	main.main	Server exiting!
2024-03-27 11:25:09	INFO	common/logger.go:108	wei/common.InitLogger	初始化zap日志完成!
2024-03-27 11:25:09	INFO	common/database.go:59	wei/common.InitMysql	初始化mysql数据库完成! dsn: root:******@tcp(localhost:3306)/wei?charset=utf8mb4&collation=utf8mb4_general_ci&parseTime=True&loc=Local&timeout=10000ms
2024-03-27 11:25:09	INFO	common/casbin.go:22	wei/common.InitCasbinEnforcer	初始化Casbin完成!
2024-03-27 11:25:09	INFO	common/validator.go:26	wei/common.InitValidate	初始化validator.v10数据校验器完成
2024-03-27 11:25:09	INFO	routes/routes.go:54	wei/routes.InitRoutes	初始化路由完成！
2024-03-27 11:25:09	INFO	wei/main.go:62	main.main	Server is running at localhost:8088/api
2024-03-27 11:59:00	DEBUG	middleware/AuthMiddleware.go:110	wei/middleware.unauthorized	JWT认证失败, 错误码: 401, 错误信息: json: cannot unmarshal number into Go struct field RegisterAndLoginRequest.password of type string
2024-03-27 11:59:30	DEBUG	middleware/AuthMiddleware.go:110	wei/middleware.unauthorized	JWT认证失败, 错误码: 401, 错误信息: 无法解密, 私钥可能不正确, crypto/rsa: decryption error
2024-03-27 13:59:36	DEBUG	middleware/AuthMiddleware.go:110	wei/middleware.unauthorized	JWT认证失败, 错误码: 401, 错误信息: 无法解密, 私钥可能不正确, crypto/rsa: decryption error
2024-03-27 15:10:44	DEBUG	middleware/AuthMiddleware.go:110	wei/middleware.unauthorized	JWT认证失败, 错误码: 401, 错误信息: Key: 'RegisterAndLoginRequest.Username' Error:Field validation for 'Username' failed on the 'required' tag
Key: 'RegisterAndLoginRequest.Password' Error:Field validation for 'Password' failed on the 'required' tag
2024-03-27 15:12:46	DEBUG	middleware/AuthMiddleware.go:110	wei/middleware.unauthorized	JWT认证失败, 错误码: 401, 错误信息: Key: 'RegisterAndLoginRequest.Username' Error:Field validation for 'Username' failed on the 'required' tag
Key: 'RegisterAndLoginRequest.Password' Error:Field validation for 'Password' failed on the 'required' tag
2024-03-27 15:13:28	DEBUG	middleware/AuthMiddleware.go:110	wei/middleware.unauthorized	JWT认证失败, 错误码: 401, 错误信息: Key: 'RegisterAndLoginRequest.Username' Error:Field validation for 'Username' failed on the 'required' tag
Key: 'RegisterAndLoginRequest.Password' Error:Field validation for 'Password' failed on the 'required' tag
2024-03-27 15:14:02	INFO	wei/main.go:72	main.main	Shutting down server...
2024-03-27 15:14:02	INFO	wei/main.go:82	main.main	Server exiting!
2024-03-27 15:14:07	INFO	common/logger.go:108	wei/common.InitLogger	初始化zap日志完成!
2024-03-27 15:14:07	INFO	common/database.go:59	wei/common.InitMysql	初始化mysql数据库完成! dsn: root:******@tcp(localhost:3306)/wei?charset=utf8mb4&collation=utf8mb4_general_ci&parseTime=True&loc=Local&timeout=10000ms
2024-03-27 15:14:08	INFO	common/casbin.go:22	wei/common.InitCasbinEnforcer	初始化Casbin完成!
2024-03-27 15:14:08	INFO	common/validator.go:26	wei/common.InitValidate	初始化validator.v10数据校验器完成
2024-03-27 15:14:08	INFO	routes/routes.go:55	wei/routes.InitRoutes	初始化路由完成！
2024-03-27 15:14:08	INFO	wei/main.go:62	main.main	Server is running at localhost:8088/api
2024-03-27 15:23:43	INFO	wei/main.go:72	main.main	Shutting down server...
2024-03-27 15:23:43	INFO	wei/main.go:82	main.main	Server exiting!
2024-03-27 15:23:46	INFO	common/logger.go:108	wei/common.InitLogger	初始化zap日志完成!
2024-03-27 15:23:46	INFO	common/database.go:59	wei/common.InitMysql	初始化mysql数据库完成! dsn: root:******@tcp(localhost:3306)/wei?charset=utf8mb4&collation=utf8mb4_general_ci&parseTime=True&loc=Local&timeout=10000ms
2024-03-27 15:23:46	INFO	common/casbin.go:22	wei/common.InitCasbinEnforcer	初始化Casbin完成!
2024-03-27 15:23:46	INFO	common/validator.go:26	wei/common.InitValidate	初始化validator.v10数据校验器完成
2024-03-27 15:23:46	INFO	routes/routes.go:55	wei/routes.InitRoutes	初始化路由完成！
2024-03-27 15:23:46	INFO	wei/main.go:62	main.main	Server is running at localhost:8088/api
2024-03-27 15:31:29	INFO	wei/main.go:72	main.main	Shutting down server...
2024-03-27 15:31:29	INFO	wei/main.go:82	main.main	Server exiting!
2024-03-27 15:31:33	INFO	common/logger.go:108	wei/common.InitLogger	初始化zap日志完成!
2024-03-27 15:31:33	INFO	common/database.go:59	wei/common.InitMysql	初始化mysql数据库完成! dsn: root:******@tcp(localhost:3306)/wei?charset=utf8mb4&collation=utf8mb4_general_ci&parseTime=True&loc=Local&timeout=10000ms
2024-03-27 15:31:33	INFO	common/casbin.go:22	wei/common.InitCasbinEnforcer	初始化Casbin完成!
2024-03-27 15:31:33	INFO	common/validator.go:26	wei/common.InitValidate	初始化validator.v10数据校验器完成
2024-03-27 15:31:33	INFO	routes/routes.go:55	wei/routes.InitRoutes	初始化路由完成！
2024-03-27 15:31:33	INFO	wei/main.go:62	main.main	Server is running at localhost:8088/api
2024-03-27 15:35:28	INFO	wei/main.go:72	main.main	Shutting down server...
2024-03-27 15:35:28	INFO	wei/main.go:82	main.main	Server exiting!
2024-03-27 15:35:55	INFO	common/logger.go:108	wei/common.InitLogger	初始化zap日志完成!
2024-03-27 15:35:55	INFO	common/database.go:59	wei/common.InitMysql	初始化mysql数据库完成! dsn: root:******@tcp(localhost:3306)/wei?charset=utf8mb4&collation=utf8mb4_general_ci&parseTime=True&loc=Local&timeout=10000ms
2024-03-27 15:35:55	INFO	common/casbin.go:22	wei/common.InitCasbinEnforcer	初始化Casbin完成!
2024-03-27 15:35:55	INFO	common/validator.go:26	wei/common.InitValidate	初始化validator.v10数据校验器完成
2024-03-27 15:35:55	INFO	routes/routes.go:55	wei/routes.InitRoutes	初始化路由完成！
2024-03-27 15:35:55	INFO	wei/main.go:62	main.main	Server is running at localhost:8088/api
2024-03-27 15:36:08	DEBUG	middleware/AuthMiddleware.go:151	wei/middleware.unauthorized	JWT认证失败, 错误码: 401, 错误信息: 登录失败
2024-03-27 15:36:45	DEBUG	middleware/AuthMiddleware.go:151	wei/middleware.unauthorized	JWT认证失败, 错误码: 401, 错误信息: 登录失败
2024-03-27 15:41:42	INFO	wei/main.go:72	main.main	Shutting down server...
2024-03-27 15:41:42	INFO	wei/main.go:82	main.main	Server exiting!
2024-03-27 15:41:44	INFO	common/logger.go:108	wei/common.InitLogger	初始化zap日志完成!
2024-03-27 15:41:44	INFO	common/database.go:59	wei/common.InitMysql	初始化mysql数据库完成! dsn: root:******@tcp(localhost:3306)/wei?charset=utf8mb4&collation=utf8mb4_general_ci&parseTime=True&loc=Local&timeout=10000ms
2024-03-27 15:41:44	INFO	common/casbin.go:22	wei/common.InitCasbinEnforcer	初始化Casbin完成!
2024-03-27 15:41:44	INFO	common/validator.go:26	wei/common.InitValidate	初始化validator.v10数据校验器完成
2024-03-27 15:41:44	INFO	routes/routes.go:55	wei/routes.InitRoutes	初始化路由完成！
2024-03-27 15:41:44	INFO	wei/main.go:62	main.main	Server is running at localhost:8088/api
2024-03-27 15:46:07	DEBUG	middleware/AuthMiddleware.go:151	wei/middleware.unauthorized	JWT认证失败, 错误码: 401, 错误信息: 登录失败
2024-03-27 15:46:07	INFO	wei/main.go:72	main.main	Shutting down server...
2024-03-27 15:46:07	INFO	wei/main.go:82	main.main	Server exiting!
2024-03-27 15:46:10	INFO	common/logger.go:108	wei/common.InitLogger	初始化zap日志完成!
2024-03-27 15:46:10	INFO	common/database.go:59	wei/common.InitMysql	初始化mysql数据库完成! dsn: root:******@tcp(localhost:3306)/wei?charset=utf8mb4&collation=utf8mb4_general_ci&parseTime=True&loc=Local&timeout=10000ms
2024-03-27 15:46:10	INFO	common/casbin.go:22	wei/common.InitCasbinEnforcer	初始化Casbin完成!
2024-03-27 15:46:10	INFO	common/validator.go:26	wei/common.InitValidate	初始化validator.v10数据校验器完成
2024-03-27 15:46:10	INFO	routes/routes.go:55	wei/routes.InitRoutes	初始化路由完成！
2024-03-27 15:46:10	INFO	wei/main.go:62	main.main	Server is running at localhost:8088/api
2024-03-27 15:46:43	DEBUG	middleware/AuthMiddleware.go:151	wei/middleware.unauthorized	JWT认证失败, 错误码: 401, 错误信息: 登录失败
2024-03-27 15:48:02	DEBUG	middleware/AuthMiddleware.go:151	wei/middleware.unauthorized	JWT认证失败, 错误码: 401, 错误信息: 登录失败
2024-03-27 15:49:05	DEBUG	middleware/AuthMiddleware.go:151	wei/middleware.unauthorized	JWT认证失败, 错误码: 401, 错误信息: 登录失败
2024-03-27 15:51:20	DEBUG	middleware/AuthMiddleware.go:151	wei/middleware.unauthorized	JWT认证失败, 错误码: 401, 错误信息: 登录失败
2024-03-27 15:51:49	DEBUG	middleware/AuthMiddleware.go:151	wei/middleware.unauthorized	JWT认证失败, 错误码: 401, 错误信息: 登录失败
2024-03-27 15:52:07	DEBUG	middleware/AuthMiddleware.go:151	wei/middleware.unauthorized	JWT认证失败, 错误码: 401, 错误信息: 登录失败
2024-03-27 15:52:22	DEBUG	middleware/AuthMiddleware.go:151	wei/middleware.unauthorized	JWT认证失败, 错误码: 401, 错误信息: 登录失败
2024-03-27 15:52:32	INFO	wei/main.go:72	main.main	Shutting down server...
2024-03-27 15:52:32	INFO	wei/main.go:82	main.main	Server exiting!
2024-03-27 15:52:35	INFO	common/logger.go:108	wei/common.InitLogger	初始化zap日志完成!
2024-03-27 15:52:35	INFO	common/database.go:59	wei/common.InitMysql	初始化mysql数据库完成! dsn: root:******@tcp(localhost:3306)/wei?charset=utf8mb4&collation=utf8mb4_general_ci&parseTime=True&loc=Local&timeout=10000ms
2024-03-27 15:52:35	INFO	common/casbin.go:22	wei/common.InitCasbinEnforcer	初始化Casbin完成!
2024-03-27 15:52:35	INFO	common/validator.go:26	wei/common.InitValidate	初始化validator.v10数据校验器完成
2024-03-27 15:52:35	INFO	routes/routes.go:55	wei/routes.InitRoutes	初始化路由完成！
2024-03-27 15:52:35	INFO	wei/main.go:62	main.main	Server is running at localhost:8088/api
2024-03-27 15:52:50	INFO	wei/main.go:72	main.main	Shutting down server...
2024-03-27 15:52:50	INFO	wei/main.go:82	main.main	Server exiting!
2024-03-27 15:52:54	INFO	common/logger.go:108	wei/common.InitLogger	初始化zap日志完成!
2024-03-27 15:52:54	INFO	common/database.go:59	wei/common.InitMysql	初始化mysql数据库完成! dsn: root:******@tcp(localhost:3306)/wei?charset=utf8mb4&collation=utf8mb4_general_ci&parseTime=True&loc=Local&timeout=10000ms
2024-03-27 15:52:54	INFO	common/casbin.go:22	wei/common.InitCasbinEnforcer	初始化Casbin完成!
2024-03-27 15:52:54	INFO	common/validator.go:26	wei/common.InitValidate	初始化validator.v10数据校验器完成
2024-03-27 15:52:54	INFO	routes/routes.go:55	wei/routes.InitRoutes	初始化路由完成！
2024-03-27 15:52:54	INFO	wei/main.go:62	main.main	Server is running at localhost:8088/api
2024-03-27 15:57:05	INFO	wei/main.go:72	main.main	Shutting down server...
2024-03-27 15:57:05	INFO	wei/main.go:82	main.main	Server exiting!
2024-03-27 15:57:08	INFO	common/logger.go:108	wei/common.InitLogger	初始化zap日志完成!
2024-03-27 15:57:08	INFO	common/database.go:59	wei/common.InitMysql	初始化mysql数据库完成! dsn: root:******@tcp(localhost:3306)/wei?charset=utf8mb4&collation=utf8mb4_general_ci&parseTime=True&loc=Local&timeout=10000ms
2024-03-27 15:57:08	INFO	common/casbin.go:22	wei/common.InitCasbinEnforcer	初始化Casbin完成!
2024-03-27 15:57:08	INFO	common/validator.go:26	wei/common.InitValidate	初始化validator.v10数据校验器完成
2024-03-27 15:57:08	INFO	routes/routes.go:55	wei/routes.InitRoutes	初始化路由完成！
2024-03-27 15:57:08	INFO	wei/main.go:62	main.main	Server is running at localhost:8088/api
2024-03-27 15:57:24	DEBUG	middleware/AuthMiddleware.go:151	wei/middleware.unauthorized	JWT认证失败, 错误码: 401, 错误信息: 用户不存在
2024-03-27 15:57:44	INFO	wei/main.go:72	main.main	Shutting down server...
2024-03-27 15:57:44	INFO	wei/main.go:82	main.main	Server exiting!
2024-03-27 15:57:47	INFO	common/logger.go:108	wei/common.InitLogger	初始化zap日志完成!
2024-03-27 15:57:47	INFO	common/database.go:59	wei/common.InitMysql	初始化mysql数据库完成! dsn: root:******@tcp(localhost:3306)/wei?charset=utf8mb4&collation=utf8mb4_general_ci&parseTime=True&loc=Local&timeout=10000ms
2024-03-27 15:57:47	INFO	common/casbin.go:22	wei/common.InitCasbinEnforcer	初始化Casbin完成!
2024-03-27 15:57:47	INFO	common/validator.go:26	wei/common.InitValidate	初始化validator.v10数据校验器完成
2024-03-27 15:57:47	INFO	routes/routes.go:55	wei/routes.InitRoutes	初始化路由完成！
2024-03-27 15:57:47	INFO	wei/main.go:62	main.main	Server is running at localhost:8088/api
2024-03-27 16:06:25	DEBUG	middleware/AuthMiddleware.go:151	wei/middleware.unauthorized	JWT认证失败, 错误码: 401, 错误信息: 用户角色被禁用
2024-03-27 16:07:42	INFO	wei/main.go:72	main.main	Shutting down server...
2024-03-27 16:07:42	INFO	wei/main.go:82	main.main	Server exiting!
2024-03-27 16:07:45	INFO	common/logger.go:108	wei/common.InitLogger	初始化zap日志完成!
2024-03-27 16:07:45	INFO	common/database.go:59	wei/common.InitMysql	初始化mysql数据库完成! dsn: root:******@tcp(localhost:3306)/wei?charset=utf8mb4&collation=utf8mb4_general_ci&parseTime=True&loc=Local&timeout=10000ms
2024-03-27 16:07:45	INFO	common/casbin.go:22	wei/common.InitCasbinEnforcer	初始化Casbin完成!
2024-03-27 16:07:45	INFO	common/validator.go:26	wei/common.InitValidate	初始化validator.v10数据校验器完成
2024-03-27 16:07:45	INFO	routes/routes.go:55	wei/routes.InitRoutes	初始化路由完成！
2024-03-27 16:07:45	INFO	wei/main.go:62	main.main	Server is running at localhost:8088/api
2024-03-27 16:08:39	DEBUG	middleware/AuthMiddleware.go:151	wei/middleware.unauthorized	JWT认证失败, 错误码: 401, 错误信息: 用户角色被禁用
2024-03-27 16:09:43	DEBUG	middleware/AuthMiddleware.go:151	wei/middleware.unauthorized	JWT认证失败, 错误码: 401, 错误信息: 用户角色被禁用
2024-03-27 16:10:00	DEBUG	middleware/AuthMiddleware.go:151	wei/middleware.unauthorized	JWT认证失败, 错误码: 401, 错误信息: 用户角色被禁用
2024-03-27 16:10:04	INFO	wei/main.go:72	main.main	Shutting down server...
2024-03-27 16:10:04	INFO	wei/main.go:82	main.main	Server exiting!
2024-03-27 16:10:07	INFO	common/logger.go:108	wei/common.InitLogger	初始化zap日志完成!
2024-03-27 16:10:07	INFO	common/database.go:59	wei/common.InitMysql	初始化mysql数据库完成! dsn: root:******@tcp(localhost:3306)/wei?charset=utf8mb4&collation=utf8mb4_general_ci&parseTime=True&loc=Local&timeout=10000ms
2024-03-27 16:10:07	INFO	common/casbin.go:22	wei/common.InitCasbinEnforcer	初始化Casbin完成!
2024-03-27 16:10:07	INFO	common/validator.go:26	wei/common.InitValidate	初始化validator.v10数据校验器完成
2024-03-27 16:10:07	INFO	routes/routes.go:55	wei/routes.InitRoutes	初始化路由完成！
2024-03-27 16:10:07	INFO	wei/main.go:62	main.main	Server is running at localhost:8088/api
2024-03-27 16:12:16	INFO	wei/main.go:72	main.main	Shutting down server...
2024-03-27 16:12:16	INFO	wei/main.go:82	main.main	Server exiting!
2024-03-27 16:12:19	INFO	common/logger.go:108	wei/common.InitLogger	初始化zap日志完成!
2024-03-27 16:12:19	INFO	common/database.go:59	wei/common.InitMysql	初始化mysql数据库完成! dsn: root:******@tcp(localhost:3306)/wei?charset=utf8mb4&collation=utf8mb4_general_ci&parseTime=True&loc=Local&timeout=10000ms
2024-03-27 16:12:19	INFO	common/casbin.go:22	wei/common.InitCasbinEnforcer	初始化Casbin完成!
2024-03-27 16:12:19	INFO	common/validator.go:26	wei/common.InitValidate	初始化validator.v10数据校验器完成
2024-03-27 16:12:19	INFO	routes/routes.go:55	wei/routes.InitRoutes	初始化路由完成！
2024-03-27 16:12:19	INFO	wei/main.go:62	main.main	Server is running at localhost:8088/api
2024-03-27 16:15:38	INFO	wei/main.go:72	main.main	Shutting down server...
2024-03-27 16:15:38	INFO	wei/main.go:82	main.main	Server exiting!
2024-03-27 16:16:06	INFO	common/logger.go:108	wei/common.InitLogger	初始化zap日志完成!
2024-03-27 16:16:06	INFO	common/database.go:59	wei/common.InitMysql	初始化mysql数据库完成! dsn: root:******@tcp(localhost:3306)/wei?charset=utf8mb4&collation=utf8mb4_general_ci&parseTime=True&loc=Local&timeout=10000ms
2024-03-27 16:16:06	INFO	common/casbin.go:22	wei/common.InitCasbinEnforcer	初始化Casbin完成!
2024-03-27 16:16:06	INFO	common/validator.go:26	wei/common.InitValidate	初始化validator.v10数据校验器完成
2024-03-27 16:16:06	INFO	routes/routes.go:55	wei/routes.InitRoutes	初始化路由完成！
2024-03-27 16:16:06	INFO	wei/main.go:62	main.main	Server is running at localhost:8088/api
2024-03-27 16:18:57	INFO	wei/main.go:72	main.main	Shutting down server...
2024-03-27 16:18:57	INFO	wei/main.go:82	main.main	Server exiting!
2024-03-27 16:19:09	INFO	common/logger.go:108	wei/common.InitLogger	初始化zap日志完成!
2024-03-27 16:19:09	INFO	common/database.go:59	wei/common.InitMysql	初始化mysql数据库完成! dsn: root:******@tcp(localhost:3306)/wei?charset=utf8mb4&collation=utf8mb4_general_ci&parseTime=True&loc=Local&timeout=10000ms
2024-03-27 16:19:09	INFO	common/casbin.go:22	wei/common.InitCasbinEnforcer	初始化Casbin完成!
2024-03-27 16:19:09	INFO	common/validator.go:26	wei/common.InitValidate	初始化validator.v10数据校验器完成
2024-03-27 16:19:09	INFO	routes/routes.go:55	wei/routes.InitRoutes	初始化路由完成！
2024-03-27 16:19:09	INFO	wei/main.go:62	main.main	Server is running at localhost:8088/api
2024-03-27 16:20:10	INFO	wei/main.go:72	main.main	Shutting down server...
2024-03-27 16:20:10	INFO	wei/main.go:82	main.main	Server exiting!
2024-03-27 16:20:18	INFO	common/logger.go:108	wei/common.InitLogger	初始化zap日志完成!
2024-03-27 16:20:19	INFO	common/database.go:59	wei/common.InitMysql	初始化mysql数据库完成! dsn: root:******@tcp(localhost:3306)/wei?charset=utf8mb4&collation=utf8mb4_general_ci&parseTime=True&loc=Local&timeout=10000ms
2024-03-27 16:20:19	INFO	common/casbin.go:22	wei/common.InitCasbinEnforcer	初始化Casbin完成!
2024-03-27 16:20:19	INFO	common/validator.go:26	wei/common.InitValidate	初始化validator.v10数据校验器完成
2024-03-27 16:20:19	INFO	routes/routes.go:55	wei/routes.InitRoutes	初始化路由完成！
2024-03-27 16:20:19	INFO	wei/main.go:62	main.main	Server is running at localhost:8088/api
2024-03-27 16:22:09	INFO	wei/main.go:72	main.main	Shutting down server...
2024-03-27 16:22:09	INFO	wei/main.go:82	main.main	Server exiting!
2024-03-27 16:23:20	INFO	common/logger.go:108	wei/common.InitLogger	初始化zap日志完成!
2024-03-27 16:23:20	INFO	common/database.go:59	wei/common.InitMysql	初始化mysql数据库完成! dsn: root:******@tcp(localhost:3306)/wei?charset=utf8mb4&collation=utf8mb4_general_ci&parseTime=True&loc=Local&timeout=10000ms
2024-03-27 16:23:20	INFO	common/casbin.go:22	wei/common.InitCasbinEnforcer	初始化Casbin完成!
2024-03-27 16:23:20	INFO	common/validator.go:26	wei/common.InitValidate	初始化validator.v10数据校验器完成
2024-03-27 16:23:20	INFO	routes/routes.go:55	wei/routes.InitRoutes	初始化路由完成！
2024-03-27 16:23:20	INFO	wei/main.go:62	main.main	Server is running at localhost:8088/api
2024-03-27 16:39:25	INFO	wei/main.go:72	main.main	Shutting down server...
2024-03-27 16:39:25	INFO	wei/main.go:82	main.main	Server exiting!
2024-03-27 16:39:52	INFO	common/logger.go:108	wei/common.InitLogger	初始化zap日志完成!
2024-03-27 16:39:52	INFO	common/database.go:59	wei/common.InitMysql	初始化mysql数据库完成! dsn: root:******@tcp(localhost:3306)/wei?charset=utf8mb4&collation=utf8mb4_general_ci&parseTime=True&loc=Local&timeout=10000ms
2024-03-27 16:39:52	INFO	common/casbin.go:22	wei/common.InitCasbinEnforcer	初始化Casbin完成!
2024-03-27 16:39:52	INFO	common/validator.go:26	wei/common.InitValidate	初始化validator.v10数据校验器完成
2024-03-27 16:39:52	INFO	routes/routes.go:55	wei/routes.InitRoutes	初始化路由完成！
2024-03-27 16:39:52	INFO	wei/main.go:62	main.main	Server is running at localhost:8088/api
2024-03-27 16:44:56	INFO	wei/main.go:72	main.main	Shutting down server...
2024-03-27 16:44:56	INFO	wei/main.go:82	main.main	Server exiting!
2024-03-27 16:44:57	INFO	common/logger.go:108	wei/common.InitLogger	初始化zap日志完成!
2024-03-27 16:49:51	INFO	common/logger.go:108	wei/common.InitLogger	初始化zap日志完成!
2024-03-27 16:49:51	INFO	common/database.go:59	wei/common.InitMysql	初始化mysql数据库完成! dsn: root:******@tcp(localhost:3306)/wei?charset=utf8mb4&collation=utf8mb4_general_ci&parseTime=True&loc=Local&timeout=10000ms
2024-03-27 16:49:51	INFO	common/casbin.go:22	wei/common.InitCasbinEnforcer	初始化Casbin完成!
2024-03-27 16:49:51	INFO	common/validator.go:26	wei/common.InitValidate	初始化validator.v10数据校验器完成
2024-03-27 16:49:51	INFO	routes/routes.go:55	wei/routes.InitRoutes	初始化路由完成！
2024-03-27 16:49:51	INFO	wei/main.go:62	main.main	Server is running at localhost:8088/api
2024-03-27 18:50:43	INFO	wei/main.go:72	main.main	Shutting down server...
2024-03-27 18:50:43	INFO	wei/main.go:82	main.main	Server exiting!
2024-03-27 18:58:45	INFO	common/logger.go:108	wei/common.InitLogger	初始化zap日志完成!
2024-03-27 18:58:45	INFO	common/database.go:59	wei/common.InitMysql	初始化mysql数据库完成! dsn: root:******@tcp(localhost:3306)/wei?charset=utf8mb4&collation=utf8mb4_general_ci&parseTime=True&loc=Local&timeout=10000ms
2024-03-27 18:58:45	INFO	common/casbin.go:22	wei/common.InitCasbinEnforcer	初始化Casbin完成!
2024-03-27 18:58:45	INFO	common/validator.go:26	wei/common.InitValidate	初始化validator.v10数据校验器完成
2024-03-27 18:58:45	INFO	routes/routes.go:55	wei/routes.InitRoutes	初始化路由完成！
2024-03-27 18:58:45	INFO	wei/main.go:62	main.main	Server is running at localhost:8088/api
2024-03-27 19:01:14	INFO	wei/main.go:72	main.main	Shutting down server...
2024-03-27 19:01:14	INFO	wei/main.go:82	main.main	Server exiting!
2024-03-27 19:01:17	INFO	common/logger.go:108	wei/common.InitLogger	初始化zap日志完成!
2024-03-27 19:01:17	INFO	common/database.go:59	wei/common.InitMysql	初始化mysql数据库完成! dsn: root:******@tcp(localhost:3306)/wei?charset=utf8mb4&collation=utf8mb4_general_ci&parseTime=True&loc=Local&timeout=10000ms
2024-03-27 19:01:17	INFO	common/casbin.go:22	wei/common.InitCasbinEnforcer	初始化Casbin完成!
2024-03-27 19:01:17	INFO	common/validator.go:26	wei/common.InitValidate	初始化validator.v10数据校验器完成
2024-03-27 19:01:17	INFO	routes/routes.go:55	wei/routes.InitRoutes	初始化路由完成！
2024-03-27 19:01:17	INFO	wei/main.go:62	main.main	Server is running at localhost:8088/api
2024-03-27 19:02:47	INFO	wei/main.go:72	main.main	Shutting down server...
2024-03-27 19:02:47	INFO	wei/main.go:82	main.main	Server exiting!
2024-03-27 19:02:50	INFO	common/logger.go:108	wei/common.InitLogger	初始化zap日志完成!
2024-03-27 19:02:51	INFO	common/database.go:59	wei/common.InitMysql	初始化mysql数据库完成! dsn: root:******@tcp(localhost:3306)/wei?charset=utf8mb4&collation=utf8mb4_general_ci&parseTime=True&loc=Local&timeout=10000ms
2024-03-27 19:02:51	INFO	common/casbin.go:22	wei/common.InitCasbinEnforcer	初始化Casbin完成!
2024-03-27 19:02:51	INFO	common/validator.go:26	wei/common.InitValidate	初始化validator.v10数据校验器完成
2024-03-27 19:02:51	INFO	routes/routes.go:55	wei/routes.InitRoutes	初始化路由完成！
2024-03-27 19:02:51	INFO	wei/main.go:62	main.main	Server is running at localhost:8088/api
2024-03-27 19:07:12	INFO	wei/main.go:72	main.main	Shutting down server...
2024-03-27 19:07:12	INFO	wei/main.go:82	main.main	Server exiting!
